<?xml version="1.0" encoding="UTF-8"?>
<testsuite name="com.hasankhatib.memegenerator.MemegeneratorApplicationTests" tests="1" skipped="0" failures="0" errors="0" timestamp="2022-11-04T12:18:40" hostname="hasan-pc" time="0.407">
  <properties/>
  <testcase name="contextLoads()" classname="com.hasankhatib.memegenerator.MemegeneratorApplicationTests" time="0.407"/>
  <system-out><![CDATA[13:18:35.508 [Test worker] DEBUG org.springframework.test.context.BootstrapUtils - Instantiating CacheAwareContextLoaderDelegate from class [org.springframework.test.context.cache.DefaultCacheAwareContextLoaderDelegate]
13:18:35.517 [Test worker] DEBUG org.springframework.test.context.BootstrapUtils - Instantiating BootstrapContext using constructor [public org.springframework.test.context.support.DefaultBootstrapContext(java.lang.Class,org.springframework.test.context.CacheAwareContextLoaderDelegate)]
13:18:35.575 [Test worker] DEBUG org.springframework.test.context.BootstrapUtils - Instantiating TestContextBootstrapper for test class [com.hasankhatib.memegenerator.MemegeneratorApplicationTests] from class [org.springframework.boot.test.context.SpringBootTestContextBootstrapper]
13:18:35.585 [Test worker] INFO org.springframework.boot.test.context.SpringBootTestContextBootstrapper - Neither @ContextConfiguration nor @ContextHierarchy found for test class [com.hasankhatib.memegenerator.MemegeneratorApplicationTests], using SpringBootContextLoader
13:18:35.588 [Test worker] DEBUG org.springframework.test.context.support.AbstractContextLoader - Did not detect default resource location for test class [com.hasankhatib.memegenerator.MemegeneratorApplicationTests]: class path resource [com/hasankhatib/memegenerator/MemegeneratorApplicationTests-context.xml] does not exist
13:18:35.588 [Test worker] DEBUG org.springframework.test.context.support.AbstractContextLoader - Did not detect default resource location for test class [com.hasankhatib.memegenerator.MemegeneratorApplicationTests]: class path resource [com/hasankhatib/memegenerator/MemegeneratorApplicationTestsContext.groovy] does not exist
13:18:35.589 [Test worker] INFO org.springframework.test.context.support.AbstractContextLoader - Could not detect default resource locations for test class [com.hasankhatib.memegenerator.MemegeneratorApplicationTests]: no resource found for suffixes {-context.xml, Context.groovy}.
13:18:35.589 [Test worker] INFO org.springframework.test.context.support.AnnotationConfigContextLoaderUtils - Could not detect default configuration classes for test class [com.hasankhatib.memegenerator.MemegeneratorApplicationTests]: MemegeneratorApplicationTests does not declare any static, non-private, non-final, nested classes annotated with @Configuration.
13:18:35.652 [Test worker] DEBUG org.springframework.test.context.support.ActiveProfilesUtils - Could not find an 'annotation declaring class' for annotation type [org.springframework.test.context.ActiveProfiles] and class [com.hasankhatib.memegenerator.MemegeneratorApplicationTests]
13:18:35.732 [Test worker] DEBUG org.springframework.context.annotation.ClassPathScanningCandidateComponentProvider - Identified candidate component class: file [/home/hasan/development/lab/spring-boot-with-jaeger-showcase/build/classes/java/main/com/hasankhatib/memegenerator/MemeGeneratorApplication.class]
13:18:35.733 [Test worker] INFO org.springframework.boot.test.context.SpringBootTestContextBootstrapper - Found @SpringBootConfiguration com.hasankhatib.memegenerator.MemeGeneratorApplication for test class com.hasankhatib.memegenerator.MemegeneratorApplicationTests
13:18:35.828 [Test worker] DEBUG org.springframework.boot.test.context.SpringBootTestContextBootstrapper - @TestExecutionListeners is not present for class [com.hasankhatib.memegenerator.MemegeneratorApplicationTests]: using defaults.
13:18:35.828 [Test worker] INFO org.springframework.boot.test.context.SpringBootTestContextBootstrapper - Loaded default TestExecutionListener class names from location [META-INF/spring.factories]: [org.springframework.boot.test.autoconfigure.restdocs.RestDocsTestExecutionListener, org.springframework.boot.test.autoconfigure.web.client.MockRestServiceServerResetTestExecutionListener, org.springframework.boot.test.autoconfigure.web.servlet.MockMvcPrintOnlyOnFailureTestExecutionListener, org.springframework.boot.test.autoconfigure.web.servlet.WebDriverTestExecutionListener, org.springframework.boot.test.autoconfigure.webservices.client.MockWebServiceServerTestExecutionListener, org.springframework.boot.test.mock.mockito.MockitoTestExecutionListener, org.springframework.boot.test.mock.mockito.ResetMocksTestExecutionListener, org.springframework.test.context.web.ServletTestExecutionListener, org.springframework.test.context.support.DirtiesContextBeforeModesTestExecutionListener, org.springframework.test.context.event.ApplicationEventsTestExecutionListener, org.springframework.test.context.support.DependencyInjectionTestExecutionListener, org.springframework.test.context.support.DirtiesContextTestExecutionListener, org.springframework.test.context.transaction.TransactionalTestExecutionListener, org.springframework.test.context.jdbc.SqlScriptsTestExecutionListener, org.springframework.test.context.event.EventPublishingTestExecutionListener]
13:18:35.839 [Test worker] DEBUG org.springframework.boot.test.context.SpringBootTestContextBootstrapper - Skipping candidate TestExecutionListener [org.springframework.test.context.web.ServletTestExecutionListener] due to a missing dependency. Specify custom listener classes or make the default listener classes and their required dependencies available. Offending class: [javax/servlet/ServletContext]
13:18:35.841 [Test worker] DEBUG org.springframework.boot.test.context.SpringBootTestContextBootstrapper - Skipping candidate TestExecutionListener [org.springframework.test.context.transaction.TransactionalTestExecutionListener] due to a missing dependency. Specify custom listener classes or make the default listener classes and their required dependencies available. Offending class: [org/springframework/transaction/interceptor/TransactionAttributeSource]
13:18:35.842 [Test worker] DEBUG org.springframework.boot.test.context.SpringBootTestContextBootstrapper - Skipping candidate TestExecutionListener [org.springframework.test.context.jdbc.SqlScriptsTestExecutionListener] due to a missing dependency. Specify custom listener classes or make the default listener classes and their required dependencies available. Offending class: [org/springframework/transaction/interceptor/TransactionAttribute]
13:18:35.842 [Test worker] INFO org.springframework.boot.test.context.SpringBootTestContextBootstrapper - Using TestExecutionListeners: [org.springframework.test.context.support.DirtiesContextBeforeModesTestExecutionListener@4d098f9b, org.springframework.test.context.event.ApplicationEventsTestExecutionListener@2dbf4cbd, org.springframework.boot.test.mock.mockito.MockitoTestExecutionListener@20b5f2ac, org.springframework.boot.test.autoconfigure.SpringBootDependencyInjectionTestExecutionListener@7fc44dec, org.springframework.test.context.support.DirtiesContextTestExecutionListener@7e3060d8, org.springframework.test.context.event.EventPublishingTestExecutionListener@293d0107, org.springframework.boot.test.autoconfigure.restdocs.RestDocsTestExecutionListener@2692b61e, org.springframework.boot.test.autoconfigure.web.client.MockRestServiceServerResetTestExecutionListener@7b64240d, org.springframework.boot.test.autoconfigure.web.servlet.MockMvcPrintOnlyOnFailureTestExecutionListener@62fad19, org.springframework.boot.test.autoconfigure.web.servlet.WebDriverTestExecutionListener@47dbb1e2, org.springframework.boot.test.autoconfigure.webservices.client.MockWebServiceServerTestExecutionListener@74cadd41, org.springframework.boot.test.mock.mockito.ResetMocksTestExecutionListener@2e54db99]
13:18:35.846 [Test worker] DEBUG org.springframework.test.context.support.AbstractDirtiesContextTestExecutionListener - Before test class: context [DefaultTestContext@470a696f testClass = MemegeneratorApplicationTests, testInstance = [null], testMethod = [null], testException = [null], mergedContextConfiguration = [ReactiveWebMergedContextConfiguration@1bc715b8 testClass = MemegeneratorApplicationTests, locations = '{}', classes = '{class com.hasankhatib.memegenerator.MemeGeneratorApplication}', contextInitializerClasses = '[]', activeProfiles = '{}', propertySourceLocations = '{}', propertySourceProperties = '{org.springframework.boot.test.context.SpringBootTestContextBootstrapper=true}', contextCustomizers = set[org.springframework.boot.test.autoconfigure.actuate.metrics.MetricsExportContextCustomizerFactory$DisableMetricExportContextCustomizer@76a2ddf3, org.springframework.boot.test.autoconfigure.properties.PropertyMappingContextCustomizer@0, org.springframework.boot.test.autoconfigure.web.servlet.WebDriverContextCustomizerFactory$Customizer@13330ac6, org.springframework.boot.test.context.filter.ExcludeFilterContextCustomizer@4331d187, org.springframework.boot.test.json.DuplicateJsonObjectContextCustomizerFactory$DuplicateJsonObjectContextCustomizer@29ca3d04, org.springframework.boot.test.mock.mockito.MockitoContextCustomizer@0, org.springframework.boot.test.web.client.TestRestTemplateContextCustomizer@1b955cac, org.springframework.boot.test.web.reactive.server.WebTestClientContextCustomizer@4ed5eb72, org.springframework.boot.test.context.SpringBootTestArgs@1, org.springframework.boot.test.context.SpringBootTestWebEnvironment@5f683daf], contextLoader = 'org.springframework.boot.test.context.SpringBootContextLoader', parent = [null]], attributes = map[[empty]]], class annotated with @DirtiesContext [false] with mode [null].
13:18:35.869 [Test worker] DEBUG org.springframework.test.context.support.DependencyInjectionTestExecutionListener - Performing dependency injection for test context [[DefaultTestContext@470a696f testClass = MemegeneratorApplicationTests, testInstance = com.hasankhatib.memegenerator.MemegeneratorApplicationTests@768ccdc5, testMethod = [null], testException = [null], mergedContextConfiguration = [ReactiveWebMergedContextConfiguration@1bc715b8 testClass = MemegeneratorApplicationTests, locations = '{}', classes = '{class com.hasankhatib.memegenerator.MemeGeneratorApplication}', contextInitializerClasses = '[]', activeProfiles = '{}', propertySourceLocations = '{}', propertySourceProperties = '{org.springframework.boot.test.context.SpringBootTestContextBootstrapper=true}', contextCustomizers = set[org.springframework.boot.test.autoconfigure.actuate.metrics.MetricsExportContextCustomizerFactory$DisableMetricExportContextCustomizer@76a2ddf3, org.springframework.boot.test.autoconfigure.properties.PropertyMappingContextCustomizer@0, org.springframework.boot.test.autoconfigure.web.servlet.WebDriverContextCustomizerFactory$Customizer@13330ac6, org.springframework.boot.test.context.filter.ExcludeFilterContextCustomizer@4331d187, org.springframework.boot.test.json.DuplicateJsonObjectContextCustomizerFactory$DuplicateJsonObjectContextCustomizer@29ca3d04, org.springframework.boot.test.mock.mockito.MockitoContextCustomizer@0, org.springframework.boot.test.web.client.TestRestTemplateContextCustomizer@1b955cac, org.springframework.boot.test.web.reactive.server.WebTestClientContextCustomizer@4ed5eb72, org.springframework.boot.test.context.SpringBootTestArgs@1, org.springframework.boot.test.context.SpringBootTestWebEnvironment@5f683daf], contextLoader = 'org.springframework.boot.test.context.SpringBootContextLoader', parent = [null]], attributes = map['org.springframework.test.context.event.ApplicationEventsTestExecutionListener.recordApplicationEvents' -> false]]].

  .   ____          _            __ _ _
 /\\ / ___'_ __ _ _(_)_ __  __ _ \ \ \ \
( ( )\___ | '_ | '_| | '_ \/ _` | \ \ \ \
 \\/  ___)| |_)| | | | | || (_| |  ) ) ) )
  '  |____| .__|_| |_|_| |_\__, | / / / /
 =========|_|==============|___/=/_/_/_/
 :: Spring Boot ::                (v2.7.5)

2022-11-04 13:18:36.508  INFO 464204 --- [    Test worker] c.h.m.MemegeneratorApplicationTests      : Starting MemegeneratorApplicationTests using Java 17.0.4 on hasan-pc with PID 464204 (started by hasan in /home/hasan/development/lab/spring-boot-with-jaeger-showcase)
2022-11-04 13:18:36.510  INFO 464204 --- [    Test worker] c.h.m.MemegeneratorApplicationTests      : No active profile set, falling back to 1 default profile: "default"
2022-11-04 13:18:38.018  INFO 464204 --- [    Test worker] trationDelegate$BeanPostProcessorChecker : Bean 'io.opentracing.contrib.spring.cloud.async.DefaultAsyncAutoConfiguration' of type [io.opentracing.contrib.spring.cloud.async.DefaultAsyncAutoConfiguration$$EnhancerBySpringCGLIB$$e5803d97] is not eligible for getting processed by all BeanPostProcessors (for example: not eligible for auto-proxying)
2022-11-04 13:18:38.182  INFO 464204 --- [    Test worker] trationDelegate$BeanPostProcessorChecker : Bean 'io.opentracing.contrib.java.spring.jaeger.starter.JaegerAutoConfiguration' of type [io.opentracing.contrib.java.spring.jaeger.starter.JaegerAutoConfiguration$$EnhancerBySpringCGLIB$$f6474b86] is not eligible for getting processed by all BeanPostProcessors (for example: not eligible for auto-proxying)
2022-11-04 13:18:38.224  INFO 464204 --- [    Test worker] trationDelegate$BeanPostProcessorChecker : Bean 'opentracing.jaeger-io.opentracing.contrib.java.spring.jaeger.starter.JaegerConfigurationProperties' of type [io.opentracing.contrib.java.spring.jaeger.starter.JaegerConfigurationProperties] is not eligible for getting processed by all BeanPostProcessors (for example: not eligible for auto-proxying)
2022-11-04 13:18:38.236  INFO 464204 --- [    Test worker] trationDelegate$BeanPostProcessorChecker : Bean 'metricsFactory' of type [io.jaegertracing.internal.metrics.NoopMetricsFactory] is not eligible for getting processed by all BeanPostProcessors (for example: not eligible for auto-proxying)
2022-11-04 13:18:38.243  INFO 464204 --- [    Test worker] trationDelegate$BeanPostProcessorChecker : Bean 'metrics' of type [io.jaegertracing.internal.metrics.Metrics] is not eligible for getting processed by all BeanPostProcessors (for example: not eligible for auto-proxying)
2022-11-04 13:18:38.252  INFO 464204 --- [    Test worker] trationDelegate$BeanPostProcessorChecker : Bean 'sampler' of type [io.jaegertracing.internal.samplers.ConstSampler] is not eligible for getting processed by all BeanPostProcessors (for example: not eligible for auto-proxying)
2022-11-04 13:18:38.597  INFO 464204 --- [    Test worker] trationDelegate$BeanPostProcessorChecker : Bean 'reporter' of type [io.jaegertracing.internal.reporters.CompositeReporter] is not eligible for getting processed by all BeanPostProcessors (for example: not eligible for auto-proxying)
2022-11-04 13:18:38.616  INFO 464204 --- [    Test worker] trationDelegate$BeanPostProcessorChecker : Bean 'tracer' of type [io.jaegertracing.internal.JaegerTracer] is not eligible for getting processed by all BeanPostProcessors (for example: not eligible for auto-proxying)
2022-11-04 13:18:38.630  INFO 464204 --- [    Test worker] trationDelegate$BeanPostProcessorChecker : Bean 'io.opentracing.contrib.spring.web.starter.WebClientTracingAutoConfiguration$DefaultWebClientSpanDecorators' of type [io.opentracing.contrib.spring.web.starter.WebClientTracingAutoConfiguration$DefaultWebClientSpanDecorators$$EnhancerBySpringCGLIB$$9cdad0b] is not eligible for getting processed by all BeanPostProcessors (for example: not eligible for auto-proxying)
2022-11-04 13:18:38.641  INFO 464204 --- [    Test worker] trationDelegate$BeanPostProcessorChecker : Bean 'standardTagsWebClientSpanDecorator' of type [io.opentracing.contrib.spring.web.client.WebClientSpanDecorator$StandardTags] is not eligible for getting processed by all BeanPostProcessors (for example: not eligible for auto-proxying)
2022-11-04 13:18:39.823  INFO 464204 --- [    Test worker] o.s.b.a.e.web.EndpointLinksResolver      : Exposing 1 endpoint(s) beneath base path '/actuator'
2022-11-04 13:18:40.677  INFO 464204 --- [    Test worker] c.h.m.MemegeneratorApplicationTests      : Started MemegeneratorApplicationTests in 4.768 seconds (JVM running for 5.89)
]]></system-out>
  <system-err><![CDATA[]]></system-err>
</testsuite>
